[19-Sep-2021 11:15:59 Europe/Kiev] This is test error
[19-Sep-2021 11:33:54 Europe/Kiev] PHP Fatal error:  Uncaught TypeError: count(): Argument #1 ($value) must be of type Countable|array, int given in C:\xampp\htdocs\shop.my\bootstrap\app.php:63
Stack trace:
#0 C:\xampp\htdocs\shop.my\public\index.php(3): require_once()
#1 {main}
  thrown in C:\xampp\htdocs\shop.my\bootstrap\app.php on line 63
[19-Sep-2021 11:33:55 Europe/Kiev] PHP Fatal error:  Uncaught TypeError: count(): Argument #1 ($value) must be of type Countable|array, int given in C:\xampp\htdocs\shop.my\bootstrap\app.php:63
Stack trace:
#0 C:\xampp\htdocs\shop.my\public\index.php(3): require_once()
#1 {main}
  thrown in C:\xampp\htdocs\shop.my\bootstrap\app.php on line 63
[19-Sep-2021 11:39:07 Europe/Kiev] PHP Warning:  Undefined variable $rote in C:\xampp\htdocs\shop.my\bootstrap\app.php on line 64
[19-Sep-2021 11:39:07 Europe/Kiev] PHP Warning:  Undefined variable $rote in C:\xampp\htdocs\shop.my\bootstrap\app.php on line 64
[19-Sep-2021 11:39:07 Europe/Kiev] PHP Warning:  Undefined variable $rote in C:\xampp\htdocs\shop.my\bootstrap\app.php on line 64
[19-Sep-2021 11:39:08 Europe/Kiev] PHP Warning:  Undefined variable $rote in C:\xampp\htdocs\shop.my\bootstrap\app.php on line 64
[19-Sep-2021 11:39:08 Europe/Kiev] PHP Warning:  Undefined variable $rote in C:\xampp\htdocs\shop.my\bootstrap\app.php on line 64
[19-Sep-2021 11:39:09 Europe/Kiev] PHP Warning:  Undefined variable $rote in C:\xampp\htdocs\shop.my\bootstrap\app.php on line 64
[19-Sep-2021 11:49:05 Europe/Kiev] 404: Oops, Page not found
[19-Sep-2021 11:49:06 Europe/Kiev] 404: Oops, Page not found
[19-Sep-2021 11:51:30 Europe/Kiev] 404: Oops, Page not found
[19-Sep-2021 11:59:20 Europe/Kiev] 404: Oops, Page not found
[19-Sep-2021 12:02:10 Europe/Kiev] 404: Oops, Page not found
[19-Sep-2021 12:24:18 Europe/Kiev] 404: Oops, Page not found
[19-Sep-2021 12:49:25 Europe/Kiev] PHP Warning:  Trying to access array offset on value of type bool in C:\xampp\htdocs\shop.my\app\Controllers\ContactController.php on line 3
[19-Sep-2021 12:49:26 Europe/Kiev] 404: Oops, Page not found
[19-Sep-2021 12:50:17 Europe/Kiev] PHP Warning:  Undefined variable $uri in C:\xampp\htdocs\shop.my\bootstrap\app.php on line 66
[19-Sep-2021 12:50:17 Europe/Kiev] PHP Fatal error:  Uncaught ValueError: Path cannot be empty in C:\xampp\htdocs\shop.my\bootstrap\app.php:66
Stack trace:
#0 C:\xampp\htdocs\shop.my\bootstrap\app.php(66): file_get_contents('')
#1 C:\xampp\htdocs\shop.my\app\Controllers\ContactController.php(2): conf('contacts')
#2 C:\xampp\htdocs\shop.my\bootstrap\app.php(80): include_once('C:\\xampp\\htdocs...')
#3 C:\xampp\htdocs\shop.my\public\index.php(3): require_once('C:\\xampp\\htdocs...')
#4 {main}
  thrown in C:\xampp\htdocs\shop.my\bootstrap\app.php on line 66
[19-Sep-2021 12:50:18 Europe/Kiev] 404: Oops, Page not found
[19-Sep-2021 12:51:01 Europe/Kiev] 404: Oops, Page not found
[25-Sep-2021 10:24:01 Europe/Kiev] 404: Oops, Page not found
[25-Sep-2021 10:25:56 Europe/Kiev] 404: Oops, Page not found
[25-Sep-2021 10:27:25 Europe/Kiev] 404: Oops, Page not found
[25-Sep-2021 10:27:27 Europe/Kiev] 404: Oops, Page not found
[25-Sep-2021 10:27:29 Europe/Kiev] 404: Oops, Page not found
[25-Sep-2021 10:27:51 Europe/Kiev] 404: Oops, Page not found
[25-Sep-2021 10:27:53 Europe/Kiev] 404: Oops, Page not found
[25-Sep-2021 10:30:11 Europe/Kiev] 404: Oops, Page not found
[25-Sep-2021 10:31:04 Europe/Kiev] 404: Oops, Page not found
[25-Sep-2021 10:31:48 Europe/Kiev] 404: Oops, Page not found
[25-Sep-2021 10:32:25 Europe/Kiev] 404: Oops, Page not found
[25-Sep-2021 10:34:28 Europe/Kiev] 404: Oops, Page not found
[25-Sep-2021 10:34:55 Europe/Kiev] 404: Oops, Page not found
[25-Sep-2021 10:34:56 Europe/Kiev] 404: Oops, Page not found
[25-Sep-2021 10:37:11 Europe/Kiev] 404: Oops, Page not found
[25-Sep-2021 10:39:29 Europe/Kiev] 404: Oops, Page not found
[25-Sep-2021 10:41:11 Europe/Kiev] 404: Oops, Page not found
[25-Sep-2021 10:43:18 Europe/Kiev] 404: Oops, Page not found
[25-Sep-2021 10:44:28 Europe/Kiev] 404: Oops, Page not found
[25-Sep-2021 10:44:57 Europe/Kiev] 404: Oops, Page not found
[25-Sep-2021 10:45:49 Europe/Kiev] 404: Oops, Page not found
[25-Sep-2021 10:47:56 Europe/Kiev] 404: Oops, Page not found
[25-Sep-2021 10:49:33 Europe/Kiev] 404: Oops, Page not found
[25-Sep-2021 10:51:52 Europe/Kiev] 404: Oops, Page not found
[25-Sep-2021 10:54:32 Europe/Kiev] PHP Warning:  Undefined array key "couintry" in C:\xampp\htdocs\shop.my\app\Controllers\Admin\SettingsController.php on line 27
[25-Sep-2021 10:54:33 Europe/Kiev] 404: Oops, Page not found
[25-Sep-2021 10:55:01 Europe/Kiev] 404: Oops, Page not found
[25-Sep-2021 10:57:15 Europe/Kiev] 404: Oops, Page not found
[25-Sep-2021 10:57:17 Europe/Kiev] 404: Oops, Page not found
[25-Sep-2021 11:02:16 Europe/Kiev] 404: Oops, Page not found
[25-Sep-2021 11:02:34 Europe/Kiev] 404: Oops, Page not found
[25-Sep-2021 11:09:06 Europe/Kiev] 404: Oops, Page not found
[25-Sep-2021 11:09:13 Europe/Kiev] PHP Fatal error:  Uncaught TypeError: Unsupported operand types: string * int in C:\xampp\htdocs\shop.my\app\Controllers\Admin\SettingsController.php:17
Stack trace:
#0 C:\xampp\htdocs\shop.my\bootstrap\app.php(80): include_once()
#1 C:\xampp\htdocs\shop.my\public\index.php(3): require_once('C:\\xampp\\htdocs...')
#2 {main}
  thrown in C:\xampp\htdocs\shop.my\app\Controllers\Admin\SettingsController.php on line 17
[25-Sep-2021 11:09:13 Europe/Kiev] 404: Oops, Page not found
[25-Sep-2021 11:09:38 Europe/Kiev] 404: Oops, Page not found
[25-Sep-2021 11:09:44 Europe/Kiev] 404: Oops, Page not found
[25-Sep-2021 11:16:55 Europe/Kiev] 404: Oops, Page not found
[25-Sep-2021 11:17:05 Europe/Kiev] PHP Warning:  Undefined array key 0 in C:\xampp\htdocs\shop.my\app\Controllers\ContactController.php on line 5
[25-Sep-2021 11:17:06 Europe/Kiev] 404: Oops, Page not found
[25-Sep-2021 11:18:54 Europe/Kiev] PHP Warning:  Undefined array key 0 in C:\xampp\htdocs\shop.my\app\Controllers\Admin\SettingsController.php on line 3
[25-Sep-2021 11:18:54 Europe/Kiev] PHP Warning:  Trying to access array offset on value of type null in C:\xampp\htdocs\shop.my\app\Controllers\Admin\SettingsController.php on line 43
[25-Sep-2021 11:18:54 Europe/Kiev] PHP Warning:  Trying to access array offset on value of type null in C:\xampp\htdocs\shop.my\app\Controllers\Admin\SettingsController.php on line 49
[25-Sep-2021 11:18:54 Europe/Kiev] PHP Warning:  Trying to access array offset on value of type null in C:\xampp\htdocs\shop.my\app\Controllers\Admin\SettingsController.php on line 55
[25-Sep-2021 11:18:54 Europe/Kiev] PHP Warning:  Trying to access array offset on value of type null in C:\xampp\htdocs\shop.my\app\Controllers\Admin\SettingsController.php on line 61
[25-Sep-2021 11:18:54 Europe/Kiev] PHP Warning:  Trying to access array offset on value of type null in C:\xampp\htdocs\shop.my\app\Controllers\Admin\SettingsController.php on line 67
[25-Sep-2021 11:18:54 Europe/Kiev] 404: Oops, Page not found
[25-Sep-2021 11:18:54 Europe/Kiev] 404: Oops, Page not found
[25-Sep-2021 11:19:00 Europe/Kiev] PHP Warning:  Undefined array key 0 in C:\xampp\htdocs\shop.my\app\Controllers\Admin\SettingsController.php on line 3
[25-Sep-2021 11:19:00 Europe/Kiev] PHP Warning:  Trying to access array offset on value of type null in C:\xampp\htdocs\shop.my\app\Controllers\Admin\SettingsController.php on line 43
[25-Sep-2021 11:19:00 Europe/Kiev] PHP Warning:  Trying to access array offset on value of type null in C:\xampp\htdocs\shop.my\app\Controllers\Admin\SettingsController.php on line 49
[25-Sep-2021 11:19:00 Europe/Kiev] PHP Warning:  Trying to access array offset on value of type null in C:\xampp\htdocs\shop.my\app\Controllers\Admin\SettingsController.php on line 55
[25-Sep-2021 11:19:00 Europe/Kiev] PHP Warning:  Trying to access array offset on value of type null in C:\xampp\htdocs\shop.my\app\Controllers\Admin\SettingsController.php on line 61
[25-Sep-2021 11:19:00 Europe/Kiev] PHP Warning:  Trying to access array offset on value of type null in C:\xampp\htdocs\shop.my\app\Controllers\Admin\SettingsController.php on line 67
[25-Sep-2021 11:19:00 Europe/Kiev] 404: Oops, Page not found
[25-Sep-2021 11:19:00 Europe/Kiev] 404: Oops, Page not found
[25-Sep-2021 11:19:18 Europe/Kiev] 404: Oops, Page not found
[25-Sep-2021 12:59:32 Europe/Kiev] PHP Fatal error:  Uncaught TypeError: Unsupported operand types: string + string in C:\xampp\htdocs\shop.my\app\Views\Site\contact\index.php:13
Stack trace:
#0 C:\xampp\htdocs\shop.my\bootstrap\app.php(22): include_once()
#1 C:\xampp\htdocs\shop.my\bootstrap\app.php(12): renderView('Site/contact/in...', Array)
#2 C:\xampp\htdocs\shop.my\app\Controllers\ContactController.php(14): render('Site/contact/in...', Array)
#3 C:\xampp\htdocs\shop.my\bootstrap\app.php(80): include_once('C:\\xampp\\htdocs...')
#4 C:\xampp\htdocs\shop.my\public\index.php(3): require_once('C:\\xampp\\htdocs...')
#5 {main}
  thrown in C:\xampp\htdocs\shop.my\app\Views\Site\contact\index.php on line 13
[25-Sep-2021 12:59:33 Europe/Kiev] 404: Oops, Page not found
[25-Sep-2021 13:01:48 Europe/Kiev] PHP Fatal error:  Uncaught TypeError: Unsupported operand types: string + string in C:\xampp\htdocs\shop.my\app\Views\Site\contact\index.php:14
Stack trace:
#0 C:\xampp\htdocs\shop.my\bootstrap\app.php(22): include_once()
#1 C:\xampp\htdocs\shop.my\bootstrap\app.php(12): renderView('Site/contact/in...', Array)
#2 C:\xampp\htdocs\shop.my\app\Controllers\ContactController.php(14): render('Site/contact/in...', Array)
#3 C:\xampp\htdocs\shop.my\bootstrap\app.php(80): include_once('C:\\xampp\\htdocs...')
#4 C:\xampp\htdocs\shop.my\public\index.php(3): require_once('C:\\xampp\\htdocs...')
#5 {main}
  thrown in C:\xampp\htdocs\shop.my\app\Views\Site\contact\index.php on line 14
[25-Sep-2021 13:01:49 Europe/Kiev] 404: Oops, Page not found
[26-Sep-2021 10:43:35 Europe/Kiev] PHP Fatal error:  Uncaught Error: Cannot access private property HomeController::$title in C:\xampp\htdocs\shop.my\bootstrap\app.php:77
Stack trace:
#0 C:\xampp\htdocs\shop.my\public\index.php(3): require_once()
#1 {main}
  thrown in C:\xampp\htdocs\shop.my\bootstrap\app.php on line 77
[26-Sep-2021 10:44:09 Europe/Kiev] PHP Fatal error:  Uncaught Error: Cannot access protected property HomeController::$title in C:\xampp\htdocs\shop.my\bootstrap\app.php:77
Stack trace:
#0 C:\xampp\htdocs\shop.my\public\index.php(3): require_once()
#1 {main}
  thrown in C:\xampp\htdocs\shop.my\bootstrap\app.php on line 77
[26-Sep-2021 10:54:11 Europe/Kiev] PHP Fatal error:  Uncaught ArgumentCountError: Too few arguments to function HomeController::__construct(), 0 passed in C:\xampp\htdocs\shop.my\bootstrap\app.php on line 75 and exactly 1 expected in C:\xampp\htdocs\shop.my\app\Controllers\HomeController.php:7
Stack trace:
#0 C:\xampp\htdocs\shop.my\bootstrap\app.php(75): HomeController->__construct()
#1 C:\xampp\htdocs\shop.my\public\index.php(3): require_once('C:\\xampp\\htdocs...')
#2 {main}
  thrown in C:\xampp\htdocs\shop.my\app\Controllers\HomeController.php on line 7
[26-Sep-2021 11:22:35 Europe/Kiev] PHP Warning:  foreach() argument must be of type array|object, string given in C:\xampp\htdocs\shop.my\bootstrap\app.php on line 78
[26-Sep-2021 11:24:53 Europe/Kiev] PHP Warning:  foreach() argument must be of type array|object, string given in C:\xampp\htdocs\shop.my\bootstrap\app.php on line 78
[26-Sep-2021 12:07:19 Europe/Kiev] PHP Fatal error:  Uncaught Error: Class "Admin\SettingsController" not found in C:\xampp\htdocs\shop.my\core\Router.php:19
Stack trace:
#0 C:\xampp\htdocs\shop.my\bootstrap\app.php(79): Router->run()
#1 C:\xampp\htdocs\shop.my\public\index.php(3): require_once('C:\\xampp\\htdocs...')
#2 {main}
  thrown in C:\xampp\htdocs\shop.my\core\Router.php on line 19
[26-Sep-2021 12:29:58 Europe/Kiev] PHP Fatal error:  Uncaught Error: Call to undefined method SettingsController::method() in C:\xampp\htdocs\shop.my\core\Router.php:29
Stack trace:
#0 C:\xampp\htdocs\shop.my\bootstrap\app.php(79): Router->run()
#1 C:\xampp\htdocs\shop.my\public\index.php(3): require_once('C:\\xampp\\htdocs...')
#2 {main}
  thrown in C:\xampp\htdocs\shop.my\core\Router.php on line 29
[26-Sep-2021 12:46:17 Europe/Kiev] PHP Warning:  Undefined variable $prefix in C:\xampp\htdocs\shop.my\core\Router.php on line 38
[26-Sep-2021 12:46:17 Europe/Kiev] PHP Warning:  Undefined variable $prexix in C:\xampp\htdocs\shop.my\core\Router.php on line 19
[26-Sep-2021 12:47:27 Europe/Kiev] PHP Warning:  Undefined variable $prefix in C:\xampp\htdocs\shop.my\core\Router.php on line 38
[02-Oct-2021 11:02:57 Europe/Kiev] PHP Fatal error:  Uncaught ArgumentCountError: Too few arguments to function Controller::__construct(), 1 passed in C:\xampp\htdocs\shop.my\app\Controllers\HomeController.php on line 10 and exactly 2 expected in C:\xampp\htdocs\shop.my\core\Controller.php:11
Stack trace:
#0 C:\xampp\htdocs\shop.my\app\Controllers\HomeController.php(10): Controller->__construct('site')
#1 C:\xampp\htdocs\shop.my\core\Router.php(20): HomeController->__construct()
#2 C:\xampp\htdocs\shop.my\bootstrap\app.php(79): Router->run()
#3 C:\xampp\htdocs\shop.my\public\index.php(3): require_once('C:\\xampp\\htdocs...')
#4 {main}
  thrown in C:\xampp\htdocs\shop.my\core\Controller.php on line 11
[02-Oct-2021 11:04:21 Europe/Kiev] PHP Warning:  Undefined variable $layout in C:\xampp\htdocs\shop.my\core\Controller.php on line 14
[02-Oct-2021 11:04:21 Europe/Kiev] PHP Fatal error:  Uncaught TypeError: View::__construct(): Argument #1 ($layout) must be of type string, null given, called in C:\xampp\htdocs\shop.my\core\Controller.php on line 15 and defined in C:\xampp\htdocs\shop.my\core\View.php:8
Stack trace:
#0 C:\xampp\htdocs\shop.my\core\Controller.php(15): View->__construct(NULL)
#1 C:\xampp\htdocs\shop.my\app\Controllers\HomeController.php(10): Controller->__construct('site')
#2 C:\xampp\htdocs\shop.my\core\Router.php(20): HomeController->__construct()
#3 C:\xampp\htdocs\shop.my\bootstrap\app.php(79): Router->run()
#4 C:\xampp\htdocs\shop.my\public\index.php(3): require_once('C:\\xampp\\htdocs...')
#5 {main}
  thrown in C:\xampp\htdocs\shop.my\core\View.php on line 8
[02-Oct-2021 11:04:46 Europe/Kiev] PHP Warning:  Undefined variable $lauout in C:\xampp\htdocs\shop.my\core\View.php on line 10
[02-Oct-2021 11:04:46 Europe/Kiev] PHP Fatal error:  Uncaught Error: Undefined constant "this" in C:\xampp\htdocs\shop.my\core\View.php:12
Stack trace:
#0 C:\xampp\htdocs\shop.my\core\Controller.php(15): View->__construct('site')
#1 C:\xampp\htdocs\shop.my\app\Controllers\HomeController.php(10): Controller->__construct('site')
#2 C:\xampp\htdocs\shop.my\core\Router.php(20): HomeController->__construct()
#3 C:\xampp\htdocs\shop.my\bootstrap\app.php(79): Router->run()
#4 C:\xampp\htdocs\shop.my\public\index.php(3): require_once('C:\\xampp\\htdocs...')
#5 {main}
  thrown in C:\xampp\htdocs\shop.my\core\View.php on line 12
[02-Oct-2021 11:05:10 Europe/Kiev] PHP Fatal error:  Uncaught Error: Undefined constant "this" in C:\xampp\htdocs\shop.my\core\View.php:12
Stack trace:
#0 C:\xampp\htdocs\shop.my\core\Controller.php(15): View->__construct('site')
#1 C:\xampp\htdocs\shop.my\app\Controllers\HomeController.php(10): Controller->__construct('site')
#2 C:\xampp\htdocs\shop.my\core\Router.php(20): HomeController->__construct()
#3 C:\xampp\htdocs\shop.my\bootstrap\app.php(79): Router->run()
#4 C:\xampp\htdocs\shop.my\public\index.php(3): require_once('C:\\xampp\\htdocs...')
#5 {main}
  thrown in C:\xampp\htdocs\shop.my\core\View.php on line 12
[02-Oct-2021 11:50:16 Europe/Kiev] PHP Warning:  include_once(C:\xampp\htdocs\shop.my/app/Views/admin/index.php): Failed to open stream: No such file or directory in C:\xampp\htdocs\shop.my\core\View.php on line 24
[02-Oct-2021 11:50:16 Europe/Kiev] PHP Warning:  include_once(): Failed opening 'C:\xampp\htdocs\shop.my/app/Views/admin/index.php' for inclusion (include_path='C:\xampp\php\PEAR') in C:\xampp\htdocs\shop.my\core\View.php on line 24
[02-Oct-2021 11:58:38 Europe/Kiev] PHP Fatal error:  Uncaught Error: Class "Controllert" not found in C:\xampp\htdocs\shop.my\app\Controllers\Admin\SettingsController.php:5
Stack trace:
#0 C:\xampp\htdocs\shop.my\core\Router.php(19): include_once()
#1 C:\xampp\htdocs\shop.my\bootstrap\app.php(79): Router->run()
#2 C:\xampp\htdocs\shop.my\public\index.php(3): require_once('C:\\xampp\\htdocs...')
#3 {main}
  thrown in C:\xampp\htdocs\shop.my\app\Controllers\Admin\SettingsController.php on line 5
[02-Oct-2021 11:58:54 Europe/Kiev] PHP Fatal error:  Uncaught Error: Typed property Controller::$view must not be accessed before initialization in C:\xampp\htdocs\shop.my\core\Controller.php:21
Stack trace:
#0 C:\xampp\htdocs\shop.my\app\Controllers\Admin\SettingsController.php(17): Controller->render('admin/contact/i...', Array)
#1 C:\xampp\htdocs\shop.my\core\Router.php(21): SettingsController->index()
#2 C:\xampp\htdocs\shop.my\bootstrap\app.php(79): Router->run()
#3 C:\xampp\htdocs\shop.my\public\index.php(3): require_once('C:\\xampp\\htdocs...')
#4 {main}
  thrown in C:\xampp\htdocs\shop.my\core\Controller.php on line 21
[02-Oct-2021 12:42:41 Europe/Kiev] PHP Warning:  Undefined property: Response::$StatusCode in C:\xampp\htdocs\shop.my\core\Response.php on line 64
[03-Oct-2021 12:20:35 Europe/Kiev] PHP Warning:  include_once(C:\xampp\htdocs\shop.my/app/Controllers/Admin/CategortyController.php): Failed to open stream: No such file or directory in C:\xampp\htdocs\shop.my\core\Router.php on line 19
[03-Oct-2021 12:20:35 Europe/Kiev] PHP Warning:  include_once(): Failed opening 'C:\xampp\htdocs\shop.my/app/Controllers/Admin/CategortyController.php' for inclusion (include_path='C:\xampp\php\PEAR') in C:\xampp\htdocs\shop.my\core\Router.php on line 19
[03-Oct-2021 12:20:35 Europe/Kiev] PHP Fatal error:  Uncaught Error: Class "CategortyController" not found in C:\xampp\htdocs\shop.my\core\Router.php:20
Stack trace:
#0 C:\xampp\htdocs\shop.my\bootstrap\app.php(80): Router->run()
#1 C:\xampp\htdocs\shop.my\public\index.php(3): require_once('C:\\xampp\\htdocs...')
#2 {main}
  thrown in C:\xampp\htdocs\shop.my\core\Router.php on line 20
[03-Oct-2021 13:06:12 Europe/Kiev] PHP Warning:  Undefined variable $cleand in C:\xampp\htdocs\shop.my\core\Request.php on line 25
[03-Oct-2021 13:06:12 Europe/Kiev] PHP Fatal error:  Uncaught TypeError: array_merge(): Argument #2 must be of type array, null given in C:\xampp\htdocs\shop.my\core\Request.php:15
Stack trace:
#0 C:\xampp\htdocs\shop.my\core\Request.php(15): array_merge(Array, NULL)
#1 C:\xampp\htdocs\shop.my\core\Request.php(8): Request->prepareData(NULL, Array)
#2 C:\xampp\htdocs\shop.my\core\Controller.php(15): Request->__construct()
#3 C:\xampp\htdocs\shop.my\app\Controllers\Admin\CategoryController.php(9): Controller->__construct('admin')
#4 C:\xampp\htdocs\shop.my\core\Router.php(20): CategoryController->__construct()
#5 C:\xampp\htdocs\shop.my\bootstrap\app.php(80): Router->run()
#6 C:\xampp\htdocs\shop.my\public\index.php(3): require_once('C:\\xampp\\htdocs...')
#7 {main}
  thrown in C:\xampp\htdocs\shop.my\core\Request.php on line 15
[03-Oct-2021 13:06:46 Europe/Kiev] PHP Fatal error:  Uncaught ArgumentCountError: Too few arguments to function Controller::render(), 1 passed in C:\xampp\htdocs\shop.my\app\Controllers\Admin\CategoryController.php on line 20 and exactly 2 expected in C:\xampp\htdocs\shop.my\core\Controller.php:22
Stack trace:
#0 C:\xampp\htdocs\shop.my\app\Controllers\Admin\CategoryController.php(20): Controller->render('admin/categorie...')
#1 C:\xampp\htdocs\shop.my\core\Router.php(21): CategoryController->create()
#2 C:\xampp\htdocs\shop.my\bootstrap\app.php(80): Router->run()
#3 C:\xampp\htdocs\shop.my\public\index.php(3): require_once('C:\\xampp\\htdocs...')
#4 {main}
  thrown in C:\xampp\htdocs\shop.my\core\Controller.php on line 22
[03-Oct-2021 13:08:28 Europe/Kiev] PHP Fatal error:  Uncaught Error: Call to undefined method Request::data() in C:\xampp\htdocs\shop.my\app\Controllers\Admin\CategoryController.php:25
Stack trace:
#0 C:\xampp\htdocs\shop.my\core\Router.php(21): CategoryController->store()
#1 C:\xampp\htdocs\shop.my\bootstrap\app.php(80): Router->run()
#2 C:\xampp\htdocs\shop.my\public\index.php(3): require_once('C:\\xampp\\htdocs...')
#3 {main}
  thrown in C:\xampp\htdocs\shop.my\app\Controllers\Admin\CategoryController.php on line 25
[03-Oct-2021 13:10:49 Europe/Kiev] PHP Warning:  Undefined property: Request::$date in C:\xampp\htdocs\shop.my\app\Controllers\Admin\CategoryController.php on line 27
[03-Oct-2021 13:10:49 Europe/Kiev] PHP Warning:  Trying to access array offset on value of type null in C:\xampp\htdocs\shop.my\app\Controllers\Admin\CategoryController.php on line 27
[03-Oct-2021 13:10:49 Europe/Kiev] PHP Warning:  Undefined variable $status in C:\xampp\htdocs\shop.my\app\Controllers\Admin\CategoryController.php on line 28
[03-Oct-2021 13:10:49 Europe/Kiev] PHP Fatal error:  Uncaught PDOException: SQLSTATE[42000]: Syntax error or access violation: 1064 You have an error in your SQL syntax; check the manual that corresponds to your MariaDB server version for the right syntax to use near '?)' at line 1 in C:\xampp\htdocs\shop.my\core\Model.php:26
Stack trace:
#0 C:\xampp\htdocs\shop.my\core\Model.php(26): PDO->prepare('INSERT INTO cat...')
#1 C:\xampp\htdocs\shop.my\app\Controllers\Admin\CategoryController.php(28): Model->save(Array)
#2 C:\xampp\htdocs\shop.my\core\Router.php(21): CategoryController->store()
#3 C:\xampp\htdocs\shop.my\bootstrap\app.php(80): Router->run()
#4 C:\xampp\htdocs\shop.my\public\index.php(3): require_once('C:\\xampp\\htdocs...')
#5 {main}
  thrown in C:\xampp\htdocs\shop.my\core\Model.php on line 26
[03-Oct-2021 13:11:23 Europe/Kiev] PHP Warning:  Undefined variable $status in C:\xampp\htdocs\shop.my\app\Controllers\Admin\CategoryController.php on line 28
[03-Oct-2021 13:11:23 Europe/Kiev] PHP Fatal error:  Uncaught PDOException: SQLSTATE[42000]: Syntax error or access violation: 1064 You have an error in your SQL syntax; check the manual that corresponds to your MariaDB server version for the right syntax to use near '?)' at line 1 in C:\xampp\htdocs\shop.my\core\Model.php:26
Stack trace:
#0 C:\xampp\htdocs\shop.my\core\Model.php(26): PDO->prepare('INSERT INTO cat...')
#1 C:\xampp\htdocs\shop.my\app\Controllers\Admin\CategoryController.php(28): Model->save(Array)
#2 C:\xampp\htdocs\shop.my\core\Router.php(21): CategoryController->store()
#3 C:\xampp\htdocs\shop.my\bootstrap\app.php(80): Router->run()
#4 C:\xampp\htdocs\shop.my\public\index.php(3): require_once('C:\\xampp\\htdocs...')
#5 {main}
  thrown in C:\xampp\htdocs\shop.my\core\Model.php on line 26
[03-Oct-2021 13:11:57 Europe/Kiev] PHP Warning:  Undefined array key "atatus" in C:\xampp\htdocs\shop.my\app\Controllers\Admin\CategoryController.php on line 25
[03-Oct-2021 13:11:57 Europe/Kiev] PHP Fatal error:  Uncaught PDOException: SQLSTATE[42000]: Syntax error or access violation: 1064 You have an error in your SQL syntax; check the manual that corresponds to your MariaDB server version for the right syntax to use near '?)' at line 1 in C:\xampp\htdocs\shop.my\core\Model.php:26
Stack trace:
#0 C:\xampp\htdocs\shop.my\core\Model.php(26): PDO->prepare('INSERT INTO cat...')
#1 C:\xampp\htdocs\shop.my\app\Controllers\Admin\CategoryController.php(28): Model->save(Array)
#2 C:\xampp\htdocs\shop.my\core\Router.php(21): CategoryController->store()
#3 C:\xampp\htdocs\shop.my\bootstrap\app.php(80): Router->run()
#4 C:\xampp\htdocs\shop.my\public\index.php(3): require_once('C:\\xampp\\htdocs...')
#5 {main}
  thrown in C:\xampp\htdocs\shop.my\core\Model.php on line 26
[03-Oct-2021 13:12:21 Europe/Kiev] PHP Fatal error:  Uncaught PDOException: SQLSTATE[42000]: Syntax error or access violation: 1064 You have an error in your SQL syntax; check the manual that corresponds to your MariaDB server version for the right syntax to use near '?)' at line 1 in C:\xampp\htdocs\shop.my\core\Model.php:26
Stack trace:
#0 C:\xampp\htdocs\shop.my\core\Model.php(26): PDO->prepare('INSERT INTO cat...')
#1 C:\xampp\htdocs\shop.my\app\Controllers\Admin\CategoryController.php(28): Model->save(Array)
#2 C:\xampp\htdocs\shop.my\core\Router.php(21): CategoryController->store()
#3 C:\xampp\htdocs\shop.my\bootstrap\app.php(80): Router->run()
#4 C:\xampp\htdocs\shop.my\public\index.php(3): require_once('C:\\xampp\\htdocs...')
#5 {main}
  thrown in C:\xampp\htdocs\shop.my\core\Model.php on line 26
[03-Oct-2021 13:13:51 Europe/Kiev] PHP Fatal error:  Uncaught PDOException: SQLSTATE[21S01]: Insert value list does not match column list: 1136 Column count doesn't match value count at row 1 in C:\xampp\htdocs\shop.my\core\Model.php:26
Stack trace:
#0 C:\xampp\htdocs\shop.my\core\Model.php(26): PDO->prepare('INSERT INTO cat...')
#1 C:\xampp\htdocs\shop.my\app\Controllers\Admin\CategoryController.php(28): Model->save(Array)
#2 C:\xampp\htdocs\shop.my\core\Router.php(21): CategoryController->store()
#3 C:\xampp\htdocs\shop.my\bootstrap\app.php(80): Router->run()
#4 C:\xampp\htdocs\shop.my\public\index.php(3): require_once('C:\\xampp\\htdocs...')
#5 {main}
  thrown in C:\xampp\htdocs\shop.my\core\Model.php on line 26
[03-Oct-2021 13:16:39 Europe/Kiev] PHP Fatal error:  Uncaught PDOException: SQLSTATE[21S01]: Insert value list does not match column list: 1136 Column count doesn't match value count at row 1 in C:\xampp\htdocs\shop.my\core\Model.php:27
Stack trace:
#0 C:\xampp\htdocs\shop.my\core\Model.php(27): PDO->prepare('INSERT INTO cat...')
#1 C:\xampp\htdocs\shop.my\app\Controllers\Admin\CategoryController.php(28): Model->save(Array)
#2 C:\xampp\htdocs\shop.my\core\Router.php(21): CategoryController->store()
#3 C:\xampp\htdocs\shop.my\bootstrap\app.php(80): Router->run()
#4 C:\xampp\htdocs\shop.my\public\index.php(3): require_once('C:\\xampp\\htdocs...')
#5 {main}
  thrown in C:\xampp\htdocs\shop.my\core\Model.php on line 27
